<component name="libraryTable">
  <library name="Junit">
    <CLASSES>
      <root url="file://D:/Junit" />
    </CLASSES>
    <JAVADOC />
    <SOURCES />
    <jarDirectory url="file://D:/Junit" recursive="false" />
  </library>
</component>